<?xml version="1.0" encoding="UTF-8"?>
<testsuite name="com.projectsservice.project.ProjectApplicationTests" tests="1" skipped="0" failures="0" errors="0" timestamp="2023-08-07T11:50:22" hostname="josh-Latitude-3420" time="0.416">
  <properties/>
  <testcase name="contextLoads()" classname="com.projectsservice.project.ProjectApplicationTests" time="0.416"/>
  <system-out><![CDATA[17:20:18.761 [Test worker] INFO org.springframework.test.context.support.AnnotationConfigContextLoaderUtils -- Could not detect default configuration classes for test class [com.projectsservice.project.ProjectApplicationTests]: ProjectApplicationTests does not declare any static, non-private, non-final, nested classes annotated with @Configuration.
17:20:18.840 [Test worker] INFO org.springframework.boot.test.context.SpringBootTestContextBootstrapper -- Found @SpringBootConfiguration com.projectsservice.project.ProjectApplication for test class com.projectsservice.project.ProjectApplicationTests

  .   ____          _            __ _ _
 /\\ / ___'_ __ _ _(_)_ __  __ _ \ \ \ \
( ( )\___ | '_ | '_| | '_ \/ _` | \ \ \ \
 \\/  ___)| |_)| | | | | || (_| |  ) ) ) )
  '  |____| .__|_| |_|_| |_\__, | / / / /
 =========|_|==============|___/=/_/_/_/
 :: Spring Boot ::                (v3.1.2)

2023-08-07T17:20:19.146+05:30  INFO 2230090 --- [    Test worker] c.p.project.ProjectApplicationTests      : Starting ProjectApplicationTests using Java 17.0.8 with PID 2230090 (started by josh in /home/josh/Downloads/Gradle_26_July/project)
2023-08-07T17:20:19.148+05:30  INFO 2230090 --- [    Test worker] c.p.project.ProjectApplicationTests      : No active profile set, falling back to 1 default profile: "default"
2023-08-07T17:20:19.660+05:30  INFO 2230090 --- [    Test worker] .s.d.r.c.RepositoryConfigurationDelegate : Bootstrapping Spring Data JPA repositories in DEFAULT mode.
2023-08-07T17:20:19.769+05:30  INFO 2230090 --- [    Test worker] .s.d.r.c.RepositoryConfigurationDelegate : Finished Spring Data repository scanning in 103 ms. Found 1 JPA repository interfaces.
2023-08-07T17:20:20.114+05:30  INFO 2230090 --- [    Test worker] o.hibernate.jpa.internal.util.LogHelper  : HHH000204: Processing PersistenceUnitInfo [name: default]
2023-08-07T17:20:20.150+05:30  INFO 2230090 --- [    Test worker] org.hibernate.Version                    : HHH000412: Hibernate ORM core version 6.2.6.Final
2023-08-07T17:20:20.152+05:30  INFO 2230090 --- [    Test worker] org.hibernate.cfg.Environment            : HHH000406: Using bytecode reflection optimizer
2023-08-07T17:20:20.245+05:30  INFO 2230090 --- [    Test worker] o.h.b.i.BytecodeProviderInitiator        : HHH000021: Bytecode provider name : bytebuddy
2023-08-07T17:20:20.339+05:30  INFO 2230090 --- [    Test worker] o.s.o.j.p.SpringPersistenceUnitInfo      : No LoadTimeWeaver setup: ignoring JPA class transformer
2023-08-07T17:20:20.352+05:30  INFO 2230090 --- [    Test worker] com.zaxxer.hikari.HikariDataSource       : HikariPool-1 - Starting...
2023-08-07T17:20:20.620+05:30  INFO 2230090 --- [    Test worker] com.zaxxer.hikari.pool.HikariPool        : HikariPool-1 - Added connection org.postgresql.jdbc.PgConnection@5423a17
2023-08-07T17:20:20.622+05:30  INFO 2230090 --- [    Test worker] com.zaxxer.hikari.HikariDataSource       : HikariPool-1 - Start completed.
2023-08-07T17:20:20.801+05:30  INFO 2230090 --- [    Test worker] o.h.b.i.BytecodeProviderInitiator        : HHH000021: Bytecode provider name : bytebuddy
2023-08-07T17:20:21.296+05:30  INFO 2230090 --- [    Test worker] o.h.e.t.j.p.i.JtaPlatformInitiator       : HHH000490: Using JtaPlatform implementation: [org.hibernate.engine.transaction.jta.platform.internal.NoJtaPlatform]
2023-08-07T17:20:21.298+05:30  INFO 2230090 --- [    Test worker] j.LocalContainerEntityManagerFactoryBean : Initialized JPA EntityManagerFactory for persistence unit 'default'
2023-08-07T17:20:21.676+05:30  WARN 2230090 --- [    Test worker] JpaBaseConfiguration$JpaWebConfiguration : spring.jpa.open-in-view is enabled by default. Therefore, database queries may be performed during view rendering. Explicitly configure spring.jpa.open-in-view to disable this warning
2023-08-07T17:20:22.007+05:30  INFO 2230090 --- [    Test worker] c.p.project.ProjectApplicationTests      : Started ProjectApplicationTests in 3.054 seconds (process running for 3.893)
]]></system-out>
  <system-err><![CDATA[]]></system-err>
</testsuite>
